<?xml version="1.0" encoding="UTF-8"?>
<testng-results ignored="0" total="1" passed="1" failed="0" skipped="0">
  <reporter-output>
  </reporter-output>
  <suite started-at="2024-02-11T18:41:59 CST" name="Default suite" finished-at="2024-02-11T18:43:20 CST" duration-ms="81282">
    <groups>
    </groups>
    <test started-at="2024-02-11T18:41:59 CST" name="Default test" finished-at="2024-02-11T18:43:20 CST" duration-ms="81282">
      <class name="webstaurantstore.TestCases">
        <test-method is-config="true" signature="setUp()[pri:0, instance:webstaurantstore.TestCases@7161d8d1]" started-at="2024-02-11T18:41:59 CST" name="setUp" finished-at="2024-02-11T18:42:07 CST" duration-ms="7611" status="PASS">
          <reporter-output>
          </reporter-output>
        </test-method> <!-- setUp -->
        <test-method signature="Test()[pri:0, instance:webstaurantstore.TestCases@7161d8d1]" started-at="2024-02-11T18:42:07 CST" name="Test" finished-at="2024-02-11T18:43:20 CST" duration-ms="73174" status="PASS">
          <reporter-output>
          </reporter-output>
        </test-method> <!-- Test -->
        <test-method is-config="true" signature="tearDown()[pri:0, instance:webstaurantstore.TestCases@7161d8d1]" started-at="2024-02-11T18:43:20 CST" name="tearDown" finished-at="2024-02-11T18:43:20 CST" duration-ms="409" status="PASS">
          <reporter-output>
          </reporter-output>
        </test-method> <!-- tearDown -->
      </class> <!-- webstaurantstore.TestCases -->
    </test> <!-- Default test -->
  </suite> <!-- Default suite -->
</testng-results>
